#
# There is insufficient memory for the Java Runtime Environment to continue.
# Native memory allocation (malloc) failed to allocate 1868976 bytes for Chunk::new
# Possible reasons:
#   The system is out of physical RAM or swap space
#   The process is running with CompressedOops enabled, and the Java Heap may be blocking the growth of the native heap
# Possible solutions:
#   Reduce memory load on the system
#   Increase physical memory or swap space
#   Check if swap backing store is full
#   Decrease Java heap size (-Xmx/-Xms)
#   Decrease number of Java threads
#   Decrease Java thread stack sizes (-Xss)
#   Set larger code cache with -XX:ReservedCodeCacheSize=
#   JVM is running with Zero Based Compressed Oops mode in which the Java heap is
#     placed in the first 32GB address space. The Java Heap base address is the
#     maximum limit for the native heap growth. Please use -XX:HeapBaseMinAddress
#     to set the Java Heap base and to place the Java Heap above 32GB virtual address.
# This output file may be truncated or incomplete.
#
#  Out of Memory Error (arena.cpp:189), pid=2508, tid=17356
#
# JRE version: Java(TM) SE Runtime Environment (17.0.9+11) (build 17.0.9+11-LTS-201)
# Java VM: Java HotSpot(TM) 64-Bit Server VM (17.0.9+11-LTS-201, mixed mode, sharing, tiered, compressed oops, compressed class ptrs, g1 gc, windows-amd64)
# No core dump will be written. Minidumps are not enabled by default on client versions of Windows
#

---------------  S U M M A R Y ------------

Command Line: -Dfile.encoding=UTF-8 -Dstdout.encoding=UTF-8 -Dstderr.encoding=UTF-8 -XX:+ShowCodeDetailsInExceptionMessages com.sns.dropcat.DropcatApplication

Host: AMD Ryzen 5 3600 6-Core Processor              , 12 cores, 15G,  Windows 10 , 64 bit Build 19041 (10.0.19041.3636)
Time: Tue Jan 23 17:49:56 2024  Windows 10 , 64 bit Build 19041 (10.0.19041.3636) elapsed time: 62.747925 seconds (0d 0h 1m 2s)

---------------  T H R E A D  ---------------

Current thread (0x00000277825eeb80):  JavaThread "C2 CompilerThread2" daemon [_thread_in_native, id=17356, stack(0x000000a99a900000,0x000000a99aa00000)]


Current CompileTask:
C2:  62755 8279       4       org.springframework.aop.support.AopUtils::canApply (210 bytes)

Stack: [0x000000a99a900000,0x000000a99aa00000]
Native frames: (J=compiled Java code, j=interpreted, Vv=VM code, C=native code)
V  [jvm.dll+0x678a4a]
V  [jvm.dll+0x7d9cfd]
V  [jvm.dll+0x7db60e]
V  [jvm.dll+0x7dbc73]
V  [jvm.dll+0x245e1f]
V  [jvm.dll+0xaaafb]
V  [jvm.dll+0xab09c]
V  [jvm.dll+0x36232f]
V  [jvm.dll+0x32ca01]
V  [jvm.dll+0x32be9a]
V  [jvm.dll+0x21812f]
V  [jvm.dll+0x217561]
V  [jvm.dll+0x1a3bc0]
V  [jvm.dll+0x2272de]
V  [jvm.dll+0x22548b]
V  [jvm.dll+0x78f58c]
V  [jvm.dll+0x78998a]
V  [jvm.dll+0x677875]
C  [ucrtbase.dll+0x21bb2]
C  [KERNEL32.DLL+0x17344]
C  [ntdll.dll+0x526b1]


---------------  P R O C E S S  ---------------

Threads class SMR info:
_java_thread_list=0x000002778184e280, length=33, elements={
0x00000277ba5721c0, 0x00000277ba573a10, 0x00000277ba5fe790, 0x00000277ba5fec70,
0x00000277ba5ff150, 0x00000277ba603640, 0x00000277ba610980, 0x00000277ba632ec0,
0x00000277ba6333e0, 0x00000277ba75c200, 0x00000277ba75f300, 0x0000027781f15dd0,
0x0000027782b66660, 0x0000027782b9f040, 0x0000027782350760, 0x000002778234e3f0,
0x0000027782350250, 0x000002778234d4c0, 0x000002778234d9d0, 0x000002778234dee0,
0x000002778234ee10, 0x000002778234f830, 0x00000277875cca40, 0x00000277875cc530,
0x00000277875cb600, 0x00000277875c9290, 0x00000277875cbb10, 0x00000277875ca6d0,
0x00000277875cc020, 0x00000277875c97a0, 0x00000277875c9cb0, 0x00000277825ee0e0,
0x00000277825eeb80
}

Java Threads: ( => current thread )
  0x00000277ba5721c0 JavaThread "Reference Handler" daemon [_thread_blocked, id=8540, stack(0x000000a99b200000,0x000000a99b300000)]
  0x00000277ba573a10 JavaThread "Finalizer" daemon [_thread_blocked, id=3456, stack(0x000000a99b300000,0x000000a99b400000)]
  0x00000277ba5fe790 JavaThread "Signal Dispatcher" daemon [_thread_blocked, id=16076, stack(0x000000a99b400000,0x000000a99b500000)]
  0x00000277ba5fec70 JavaThread "Attach Listener" daemon [_thread_blocked, id=13376, stack(0x000000a99b500000,0x000000a99b600000)]
  0x00000277ba5ff150 JavaThread "Service Thread" daemon [_thread_blocked, id=10980, stack(0x000000a99b600000,0x000000a99b700000)]
  0x00000277ba603640 JavaThread "Monitor Deflation Thread" daemon [_thread_blocked, id=15356, stack(0x000000a99b700000,0x000000a99b800000)]
  0x00000277ba610980 JavaThread "C2 CompilerThread0" daemon [_thread_in_native, id=8932, stack(0x000000a99b800000,0x000000a99b900000)]
  0x00000277ba632ec0 JavaThread "C1 CompilerThread0" daemon [_thread_in_native, id=7404, stack(0x000000a99b900000,0x000000a99ba00000)]
  0x00000277ba6333e0 JavaThread "Sweeper thread" daemon [_thread_blocked, id=16432, stack(0x000000a99ba00000,0x000000a99bb00000)]
  0x00000277ba75c200 JavaThread "Notification Thread" daemon [_thread_blocked, id=2724, stack(0x000000a99bb00000,0x000000a99bc00000)]
  0x00000277ba75f300 JavaThread "Common-Cleaner" daemon [_thread_blocked, id=13388, stack(0x000000a99bd00000,0x000000a99be00000)]
  0x0000027781f15dd0 JavaThread "Catalina-utility-1" [_thread_blocked, id=5304, stack(0x000000a99cb00000,0x000000a99cc00000)]
  0x0000027782b66660 JavaThread "Catalina-utility-2" [_thread_blocked, id=8352, stack(0x000000a99cc00000,0x000000a99cd00000)]
  0x0000027782b9f040 JavaThread "container-0" [_thread_blocked, id=10576, stack(0x000000a99cd00000,0x000000a99ce00000)]
  0x0000027782350760 JavaThread "mysql-cj-abandoned-connection-cleanup" daemon [_thread_blocked, id=9592, stack(0x000000a99ce00000,0x000000a99cf00000)]
  0x000002778234e3f0 JavaThread "HikariPool-1 housekeeper" daemon [_thread_blocked, id=6056, stack(0x000000a99be00000,0x000000a99bf00000)]
  0x0000027782350250 JavaThread "java-sdk-http-connection-reaper" daemon [_thread_blocked, id=15196, stack(0x000000a99d200000,0x000000a99d300000)]
  0x000002778234d4c0 JavaThread "MessageBroker-1" [_thread_blocked, id=6808, stack(0x000000a99d400000,0x000000a99d500000)]
  0x000002778234d9d0 JavaThread "http-nio-8080-exec-1" daemon [_thread_blocked, id=7280, stack(0x000000a99d500000,0x000000a99d600000)]
  0x000002778234dee0 JavaThread "http-nio-8080-exec-2" daemon [_thread_blocked, id=13104, stack(0x000000a99d600000,0x000000a99d700000)]
  0x000002778234ee10 JavaThread "http-nio-8080-exec-3" daemon [_thread_blocked, id=13060, stack(0x000000a99d700000,0x000000a99d800000)]
  0x000002778234f830 JavaThread "http-nio-8080-exec-4" daemon [_thread_blocked, id=12208, stack(0x000000a99d800000,0x000000a99d900000)]
  0x00000277875cca40 JavaThread "http-nio-8080-exec-5" daemon [_thread_blocked, id=16484, stack(0x000000a99d900000,0x000000a99da00000)]
  0x00000277875cc530 JavaThread "http-nio-8080-exec-6" daemon [_thread_in_vm, id=284, stack(0x000000a99da00000,0x000000a99db00000)]
  0x00000277875cb600 JavaThread "http-nio-8080-exec-7" daemon [_thread_blocked, id=9624, stack(0x000000a99db00000,0x000000a99dc00000)]
  0x00000277875c9290 JavaThread "http-nio-8080-exec-8" daemon [_thread_blocked, id=15496, stack(0x000000a99dc00000,0x000000a99dd00000)]
  0x00000277875cbb10 JavaThread "http-nio-8080-exec-9" daemon [_thread_blocked, id=7624, stack(0x000000a99dd00000,0x000000a99de00000)]
  0x00000277875ca6d0 JavaThread "http-nio-8080-exec-10" daemon [_thread_blocked, id=16468, stack(0x000000a99de00000,0x000000a99df00000)]
  0x00000277875cc020 JavaThread "http-nio-8080-Poller" daemon [_thread_in_native, id=4928, stack(0x000000a99df00000,0x000000a99e000000)]
  0x00000277875c97a0 JavaThread "http-nio-8080-Acceptor" daemon [_thread_in_native, id=1688, stack(0x000000a99e000000,0x000000a99e100000)]
  0x00000277875c9cb0 JavaThread "DestroyJavaVM" [_thread_blocked, id=12268, stack(0x000000a99ab00000,0x000000a99ac00000)]
  0x00000277825ee0e0 JavaThread "C2 CompilerThread1" daemon [_thread_in_native, id=12544, stack(0x000000a99a800000,0x000000a99a900000)]
=>0x00000277825eeb80 JavaThread "C2 CompilerThread2" daemon [_thread_in_native, id=17356, stack(0x000000a99a900000,0x000000a99aa00000)]

Other Threads:
  0x00000277ba569dc0 VMThread "VM Thread" [stack: 0x000000a99b100000,0x000000a99b200000] [id=10192]
  0x00000277973ed4d0 WatcherThread [stack: 0x000000a99bc00000,0x000000a99bd00000] [id=17272]
  0x00000277973cd7d0 GCTaskThread "GC Thread#0" [stack: 0x000000a99ac00000,0x000000a99ad00000] [id=9388]
  0x00000277810c2610 GCTaskThread "GC Thread#1" [stack: 0x000000a99c000000,0x000000a99c100000] [id=15212]
  0x00000277806f32e0 GCTaskThread "GC Thread#2" [stack: 0x000000a99c100000,0x000000a99c200000] [id=6160]
  0x0000027780c7b1f0 GCTaskThread "GC Thread#3" [stack: 0x000000a99c200000,0x000000a99c300000] [id=18360]
  0x0000027780bc9b30 GCTaskThread "GC Thread#4" [stack: 0x000000a99c300000,0x000000a99c400000] [id=15884]
  0x0000027780b891b0 GCTaskThread "GC Thread#5" [stack: 0x000000a99c400000,0x000000a99c500000] [id=4796]
  0x0000027781041f40 GCTaskThread "GC Thread#6" [stack: 0x000000a99c600000,0x000000a99c700000] [id=17804]
  0x00000277811d91e0 GCTaskThread "GC Thread#7" [stack: 0x000000a99c700000,0x000000a99c800000] [id=15284]
  0x00000277812218a0 GCTaskThread "GC Thread#8" [stack: 0x000000a99c500000,0x000000a99c600000] [id=13336]
  0x0000027781851c90 GCTaskThread "GC Thread#9" [stack: 0x000000a99c800000,0x000000a99c900000] [id=7060]
  0x00000277973df540 ConcurrentGCThread "G1 Main Marker" [stack: 0x000000a99ad00000,0x000000a99ae00000] [id=14660]
  0x00000277973e0600 ConcurrentGCThread "G1 Conc#0" [stack: 0x000000a99ae00000,0x000000a99af00000] [id=1936]
  0x000002778206cbc0 ConcurrentGCThread "G1 Conc#1" [stack: 0x000000a99c900000,0x000000a99ca00000] [id=5036]
  0x000002778206c640 ConcurrentGCThread "G1 Conc#2" [stack: 0x000000a99ca00000,0x000000a99cb00000] [id=9460]
  0x00000277ba4281c0 ConcurrentGCThread "G1 Refine#0" [stack: 0x000000a99af00000,0x000000a99b000000] [id=8860]
  0x000002778218c850 ConcurrentGCThread "G1 Refine#1" [stack: 0x000000a99d300000,0x000000a99d400000] [id=13116]
  0x00000277ba428610 ConcurrentGCThread "G1 Service" [stack: 0x000000a99b000000,0x000000a99b100000] [id=7728]

Threads with active compile tasks:
C2 CompilerThread0    62847 8562       4       java.lang.invoke.MethodType::makeImpl (109 bytes)
C1 CompilerThread0    62847 8594       3       org.apache.coyote.http11.Http11InputBuffer::parseHeader (1001 bytes)
C2 CompilerThread1    62847 8563       4       java.lang.Class::descriptorString (170 bytes)
C2 CompilerThread2    62848 8279       4       org.springframework.aop.support.AopUtils::canApply (210 bytes)

VM state: not at safepoint (normal execution)

VM Mutex/Monitor currently owned by a thread:  ([mutex/lock_event])
[0x000002779735a960] Metaspace_lock - owner thread: 0x00000277875cc530

Heap address: 0x0000000701000000, size: 4080 MB, Compressed Oops mode: Zero based, Oop shift amount: 3

CDS archive(s) mapped at: [0x00000277bb000000-0x00000277bbbd0000-0x00000277bbbd0000), size 12386304, SharedBaseAddress: 0x00000277bb000000, ArchiveRelocationMode: 1.
Compressed class space mapped at: 0x00000277bc000000-0x00000277fc000000, reserved size: 1073741824
Narrow klass base: 0x00000277bb000000, Narrow klass shift: 0, Narrow klass range: 0x100000000

GC Precious Log:
 CPUs: 12 total, 12 available
 Memory: 16319M
 Large Page Support: Disabled
 NUMA Support: Disabled
 Compressed Oops: Enabled (Zero based)
 Heap Region Size: 2M
 Heap Min Capacity: 8M
 Heap Initial Capacity: 256M
 Heap Max Capacity: 4080M
 Pre-touch: Disabled
 Parallel Workers: 10
 Concurrent Workers: 3
 Concurrent Refinement Workers: 10
 Periodic GC: Disabled

Heap:
 garbage-first heap   total 96256K, used 67333K [0x0000000701000000, 0x0000000800000000)
  region size 2048K, 17 young (34816K), 3 survivors (6144K)
 Metaspace       used 81362K, committed 81920K, reserved 1179648K
  class space    used 10793K, committed 11072K, reserved 1048576K

Heap Regions: E=young(eden), S=young(survivor), O=old, HS=humongous(starts), HC=humongous(continues), CS=collection set, F=free, OA=open archive, CA=closed archive, TAMS=top-at-mark-start (previous, next)
|   0|0x0000000701000000, 0x0000000701200000, 0x0000000701200000|100%| O|  |TAMS 0x0000000701200000, 0x0000000701000000| Untracked 
|   1|0x0000000701200000, 0x0000000701400000, 0x0000000701400000|100%| O|  |TAMS 0x0000000701400000, 0x0000000701200000| Untracked 
|   2|0x0000000701400000, 0x0000000701600000, 0x0000000701600000|100%| O|  |TAMS 0x0000000701600000, 0x0000000701400000| Untracked 
|   3|0x0000000701600000, 0x0000000701800000, 0x0000000701800000|100%| O|  |TAMS 0x0000000701800000, 0x0000000701600000| Untracked 
|   4|0x0000000701800000, 0x0000000701a00000, 0x0000000701a00000|100%| O|  |TAMS 0x0000000701a00000, 0x0000000701800000| Untracked 
|   5|0x0000000701a00000, 0x0000000701c00000, 0x0000000701c00000|100%| O|  |TAMS 0x0000000701c00000, 0x0000000701a00000| Untracked 
|   6|0x0000000701c00000, 0x0000000701e00000, 0x0000000701e00000|100%| O|  |TAMS 0x0000000701e00000, 0x0000000701c00000| Untracked 
|   7|0x0000000701e00000, 0x0000000702000000, 0x0000000702000000|100%| O|  |TAMS 0x0000000702000000, 0x0000000701e00000| Untracked 
|   8|0x0000000702000000, 0x0000000702200000, 0x0000000702200000|100%| O|  |TAMS 0x0000000702200000, 0x0000000702000000| Untracked 
|   9|0x0000000702200000, 0x0000000702400000, 0x0000000702400000|100%| O|  |TAMS 0x0000000702400000, 0x0000000702200000| Untracked 
|  10|0x0000000702400000, 0x0000000702600000, 0x0000000702600000|100%| O|  |TAMS 0x0000000702600000, 0x0000000702400000| Untracked 
|  11|0x0000000702600000, 0x0000000702800000, 0x0000000702800000|100%| O|  |TAMS 0x0000000702600000, 0x0000000702600000| Untracked 
|  12|0x0000000702800000, 0x0000000702a00000, 0x0000000702a00000|100%| O|  |TAMS 0x0000000702a00000, 0x0000000702800000| Untracked 
|  13|0x0000000702a00000, 0x0000000702c00000, 0x0000000702c00000|100%| O|  |TAMS 0x0000000702c00000, 0x0000000702a00000| Untracked 
|  14|0x0000000702c00000, 0x0000000702e00000, 0x0000000702e00000|100%| O|  |TAMS 0x0000000702cea000, 0x0000000702c00000| Untracked 
|  15|0x0000000702e00000, 0x0000000703000000, 0x0000000703000000|100%| O|  |TAMS 0x0000000702e00000, 0x0000000702e00000| Untracked 
|  16|0x0000000703000000, 0x0000000703200000, 0x0000000703200000|100%| O|  |TAMS 0x0000000703000000, 0x0000000703000000| Untracked 
|  17|0x0000000703200000, 0x0000000703400000, 0x0000000703400000|100%| O|  |TAMS 0x0000000703200000, 0x0000000703200000| Untracked 
|  18|0x0000000703400000, 0x0000000703526e00, 0x0000000703600000| 57%| O|  |TAMS 0x0000000703400000, 0x0000000703400000| Untracked 
|  19|0x0000000703600000, 0x0000000703600000, 0x0000000703800000|  0%| F|  |TAMS 0x0000000703600000, 0x0000000703600000| Untracked 
|  20|0x0000000703800000, 0x0000000703800000, 0x0000000703a00000|  0%| F|  |TAMS 0x0000000703800000, 0x0000000703800000| Untracked 
|  21|0x0000000703a00000, 0x0000000703a00000, 0x0000000703c00000|  0%| F|  |TAMS 0x0000000703a00000, 0x0000000703a00000| Untracked 
|  22|0x0000000703c00000, 0x0000000703c00000, 0x0000000703e00000|  0%| F|  |TAMS 0x0000000703c00000, 0x0000000703c00000| Untracked 
|  23|0x0000000703e00000, 0x0000000703e00000, 0x0000000704000000|  0%| F|  |TAMS 0x0000000703e00000, 0x0000000703e00000| Untracked 
|  24|0x0000000704000000, 0x000000070409a7e0, 0x0000000704200000| 30%| S|CS|TAMS 0x0000000704000000, 0x0000000704000000| Complete 
|  25|0x0000000704200000, 0x0000000704200000, 0x0000000704400000|  0%| F|  |TAMS 0x0000000704200000, 0x0000000704200000| Untracked 
|  26|0x0000000704400000, 0x0000000704400000, 0x0000000704600000|  0%| F|  |TAMS 0x0000000704400000, 0x0000000704400000| Untracked 
|  27|0x0000000704600000, 0x0000000704800000, 0x0000000704800000|100%| S|CS|TAMS 0x0000000704600000, 0x0000000704600000| Complete 
|  28|0x0000000704800000, 0x0000000704a00000, 0x0000000704a00000|100%| S|CS|TAMS 0x0000000704800000, 0x0000000704800000| Complete 
|  29|0x0000000704a00000, 0x0000000704a00000, 0x0000000704c00000|  0%| F|  |TAMS 0x0000000704a00000, 0x0000000704a00000| Untracked 
|  30|0x0000000704c00000, 0x0000000704c00000, 0x0000000704e00000|  0%| F|  |TAMS 0x0000000704c00000, 0x0000000704c00000| Untracked 
|  31|0x0000000704e00000, 0x0000000704e00000, 0x0000000705000000|  0%| F|  |TAMS 0x0000000704e00000, 0x0000000704e00000| Untracked 
|  32|0x0000000705000000, 0x0000000705000000, 0x0000000705200000|  0%| F|  |TAMS 0x0000000705000000, 0x0000000705000000| Untracked 
|  33|0x0000000705200000, 0x00000007052a4640, 0x0000000705400000| 32%| E|  |TAMS 0x0000000705200000, 0x0000000705200000| Complete 
|  34|0x0000000705400000, 0x0000000705600000, 0x0000000705600000|100%| E|CS|TAMS 0x0000000705400000, 0x0000000705400000| Complete 
|  35|0x0000000705600000, 0x0000000705800000, 0x0000000705800000|100%| E|CS|TAMS 0x0000000705600000, 0x0000000705600000| Complete 
|  36|0x0000000705800000, 0x0000000705a00000, 0x0000000705a00000|100%| E|  |TAMS 0x0000000705800000, 0x0000000705800000| Complete 
|  37|0x0000000705a00000, 0x0000000705c00000, 0x0000000705c00000|100%| E|CS|TAMS 0x0000000705a00000, 0x0000000705a00000| Complete 
|  38|0x0000000705c00000, 0x0000000705e00000, 0x0000000705e00000|100%| E|CS|TAMS 0x0000000705c00000, 0x0000000705c00000| Complete 
|  39|0x0000000705e00000, 0x0000000706000000, 0x0000000706000000|100%| E|CS|TAMS 0x0000000705e00000, 0x0000000705e00000| Complete 
|  40|0x0000000706000000, 0x0000000706200000, 0x0000000706200000|100%| E|CS|TAMS 0x0000000706000000, 0x0000000706000000| Complete 
|  41|0x0000000706200000, 0x0000000706400000, 0x0000000706400000|100%| E|CS|TAMS 0x0000000706200000, 0x0000000706200000| Complete 
| 106|0x000000070e400000, 0x000000070e600000, 0x000000070e600000|100%| E|CS|TAMS 0x000000070e400000, 0x000000070e400000| Complete 
| 107|0x000000070e600000, 0x000000070e800000, 0x000000070e800000|100%| E|CS|TAMS 0x000000070e600000, 0x000000070e600000| Complete 
| 108|0x000000070e800000, 0x000000070ea00000, 0x000000070ea00000|100%| E|CS|TAMS 0x000000070e800000, 0x000000070e800000| Complete 
| 109|0x000000070ea00000, 0x000000070ec00000, 0x000000070ec00000|100%| E|CS|TAMS 0x000000070ea00000, 0x000000070ea00000| Complete 
| 127|0x0000000710e00000, 0x0000000711000000, 0x0000000711000000|100%| E|CS|TAMS 0x0000000710e00000, 0x0000000710e00000| Complete 

Card table byte_map: [0x00000277ae940000,0x00000277af140000] _byte_map_base: 0x00000277ab138000

Marking Bits (Prev, Next): (CMBitMap*) 0x00000277973ced50, (CMBitMap*) 0x00000277973ced10
 Prev Bits: [0x00000277b3900000, 0x00000277b78c0000)
 Next Bits: [0x00000277af940000, 0x00000277b3900000)

Polling page: 0x0000027796b20000

Metaspace:

Usage:
  Non-class:     68.92 MB used.
      Class:     10.54 MB used.
       Both:     79.46 MB used.

Virtual space:
  Non-class space:      128.00 MB reserved,      69.19 MB ( 54%) committed,  2 nodes.
      Class space:        1.00 GB reserved,      10.81 MB (  1%) committed,  1 nodes.
             Both:        1.12 GB reserved,      80.00 MB (  7%) committed. 

Chunk freelists:
   Non-Class:  10.30 MB
       Class:  5.04 MB
        Both:  15.33 MB

MaxMetaspaceSize: unlimited
CompressedClassSpaceSize: 1.00 GB
Initial GC threshold: 21.00 MB
Current GC threshold: 98.06 MB
CDS: on
MetaspaceReclaimPolicy: balanced
 - commit_granule_bytes: 65536.
 - commit_granule_words: 8192.
 - virtual_space_node_default_size: 8388608.
 - enlarge_chunks_in_place: 1.
 - new_chunks_are_fully_committed: 0.
 - uncommit_free_chunks: 1.
 - use_allocation_guard: 0.
 - handle_deallocations: 1.


Internal statistics:

num_allocs_failed_limit: 9.
num_arena_births: 884.
num_arena_deaths: 0.
num_vsnodes_births: 3.
num_vsnodes_deaths: 0.
num_space_committed: 1280.
num_space_uncommitted: 0.
num_chunks_returned_to_freelist: 9.
num_chunks_taken_from_freelist: 3845.
num_chunk_merges: 9.
num_chunk_splits: 2753.
num_chunks_enlarged: 2121.
num_inconsistent_stats: 0.

CodeHeap 'non-profiled nmethods': size=120000Kb used=4804Kb max_used=5320Kb free=115195Kb
 bounds [0x00000277a66c0000, 0x00000277a6c00000, 0x00000277adbf0000]
CodeHeap 'profiled nmethods': size=120000Kb used=13044Kb max_used=14402Kb free=106955Kb
 bounds [0x000002779ebf0000, 0x000002779fa10000, 0x00000277a6120000]
CodeHeap 'non-nmethods': size=5760Kb used=1401Kb max_used=1474Kb free=4358Kb
 bounds [0x00000277a6120000, 0x00000277a6390000, 0x00000277a66c0000]
 total_blobs=7855 nmethods=7116 adapters=650
 compilation: enabled
              stopped_count=0, restarted_count=0
 full_count=0

Compilation events (20 events):
Event: 62.721 Thread 0x00000277ba632ec0 nmethod 8495 0x000002779f528510 code [0x000002779f5286c0, 0x000002779f528808]
Event: 62.721 Thread 0x00000277ba632ec0 8500       3       java.lang.String::equals (56 bytes)
Event: 62.721 Thread 0x00000277ba632ec0 nmethod 8500 0x000002779ec66790 code [0x000002779ec66960, 0x000002779ec66de8]
Event: 62.721 Thread 0x00000277ba632ec0 8486       3       org.apache.catalina.connector.RequestFacade::getMethod (12 bytes)
Event: 62.721 Thread 0x00000277ba632ec0 nmethod 8486 0x000002779eca3d90 code [0x000002779eca3f80, 0x000002779eca4308]
Event: 62.721 Thread 0x00000277ba632ec0 8491       3       org.apache.catalina.connector.Request::getMethod (11 bytes)
Event: 62.721 Thread 0x00000277ba632ec0 nmethod 8491 0x000002779f5e5690 code [0x000002779f5e5840, 0x000002779f5e59a8]
Event: 62.722 Thread 0x00000277ba632ec0 8492       3       org.springframework.web.cors.CorsUtils::isPreFlightRequest (43 bytes)
Event: 62.722 Thread 0x00000277ba632ec0 nmethod 8492 0x000002779ef29d10 code [0x000002779ef29f00, 0x000002779ef2a3f8]
Event: 62.722 Thread 0x00000277ba632ec0 8493       3       org.springframework.http.HttpMethod::matches (9 bytes)
Event: 62.722 Thread 0x00000277ba632ec0 nmethod 8493 0x000002779f683b10 code [0x000002779f683cc0, 0x000002779f683e28]
Event: 62.722 Thread 0x00000277ba632ec0 8487       1       org.springframework.http.server.DefaultRequestPath::pathWithinApplication (5 bytes)
Event: 62.722 Thread 0x00000277ba632ec0 nmethod 8487 0x00000277a6b6a990 code [0x00000277a6b6ab20, 0x00000277a6b6abf8]
Event: 62.722 Thread 0x00000277ba632ec0 8507       3       org.springframework.util.AntPathMatcher::skipSegment (75 bytes)
Event: 62.723 Thread 0x00000277825ee0e0 nmethod 8499 0x00000277a6b6a510 code [0x00000277a6b6a6a0, 0x00000277a6b6a7d8]
Event: 62.723 Thread 0x00000277825ee0e0 8506       4       java.lang.String::contains (19 bytes)
Event: 62.723 Thread 0x00000277ba632ec0 nmethod 8507 0x000002779f6f9610 code [0x000002779f6f98c0, 0x000002779f6fa7c8]
Event: 62.723 Thread 0x00000277ba632ec0 8503       3       jakarta.servlet.ServletRequestWrapper::getAttribute (11 bytes)
Event: 62.724 Thread 0x00000277ba632ec0 nmethod 8503 0x000002779f740e90 code [0x000002779f741040, 0x000002779f741228]
Event: 62.724 Thread 0x00000277ba632ec0 8519   !   3       java.util.concurrent.ConcurrentHashMap::putVal (432 bytes)

GC Heap History (20 events):
Event: 3.098 GC heap before
{Heap before GC invocations=8 (full 0):
 garbage-first heap   total 98304K, used 26236K [0x0000000701000000, 0x0000000800000000)
  region size 2048K, 4 young (8192K), 2 survivors (4096K)
 Metaspace       used 35592K, committed 35968K, reserved 1114112K
  class space    used 4573K, committed 4736K, reserved 1048576K
}
Event: 3.101 GC heap after
{Heap after GC invocations=9 (full 0):
 garbage-first heap   total 98304K, used 24246K [0x0000000701000000, 0x0000000800000000)
  region size 2048K, 2 young (4096K), 2 survivors (4096K)
 Metaspace       used 35592K, committed 35968K, reserved 1114112K
  class space    used 4573K, committed 4736K, reserved 1048576K
}
Event: 4.668 GC heap before
{Heap before GC invocations=10 (full 0):
 garbage-first heap   total 96256K, used 71350K [0x0000000701000000, 0x0000000800000000)
  region size 2048K, 25 young (51200K), 2 survivors (4096K)
 Metaspace       used 50887K, committed 51392K, reserved 1114112K
  class space    used 6571K, committed 6784K, reserved 1048576K
}
Event: 4.673 GC heap after
{Heap after GC invocations=11 (full 0):
 garbage-first heap   total 96256K, used 28135K [0x0000000701000000, 0x0000000800000000)
  region size 2048K, 4 young (8192K), 4 survivors (8192K)
 Metaspace       used 50887K, committed 51392K, reserved 1114112K
  class space    used 6571K, committed 6784K, reserved 1048576K
}
Event: 4.713 GC heap before
{Heap before GC invocations=11 (full 0):
 garbage-first heap   total 96256K, used 30183K [0x0000000701000000, 0x0000000800000000)
  region size 2048K, 5 young (10240K), 4 survivors (8192K)
 Metaspace       used 51672K, committed 52160K, reserved 1114112K
  class space    used 6645K, committed 6848K, reserved 1048576K
}
Event: 4.718 GC heap after
{Heap after GC invocations=12 (full 0):
 garbage-first heap   total 96256K, used 28595K [0x0000000701000000, 0x0000000800000000)
  region size 2048K, 1 young (2048K), 1 survivors (2048K)
 Metaspace       used 51672K, committed 52160K, reserved 1114112K
  class space    used 6645K, committed 6848K, reserved 1048576K
}
Event: 5.327 GC heap before
{Heap before GC invocations=12 (full 0):
 garbage-first heap   total 96256K, used 69555K [0x0000000701000000, 0x0000000800000000)
  region size 2048K, 21 young (43008K), 1 survivors (2048K)
 Metaspace       used 59250K, committed 59712K, reserved 1114112K
  class space    used 7912K, committed 8128K, reserved 1048576K
}
Event: 5.329 GC heap after
{Heap after GC invocations=13 (full 0):
 garbage-first heap   total 96256K, used 29272K [0x0000000701000000, 0x0000000800000000)
  region size 2048K, 1 young (2048K), 1 survivors (2048K)
 Metaspace       used 59250K, committed 59712K, reserved 1114112K
  class space    used 7912K, committed 8128K, reserved 1048576K
}
Event: 5.476 GC heap before
{Heap before GC invocations=13 (full 0):
 garbage-first heap   total 96256K, used 29272K [0x0000000701000000, 0x0000000800000000)
  region size 2048K, 2 young (4096K), 1 survivors (2048K)
 Metaspace       used 59659K, committed 60160K, reserved 1114112K
  class space    used 7962K, committed 8192K, reserved 1048576K
}
Event: 5.478 GC heap after
{Heap after GC invocations=14 (full 0):
 garbage-first heap   total 96256K, used 29390K [0x0000000701000000, 0x0000000800000000)
  region size 2048K, 1 young (2048K), 1 survivors (2048K)
 Metaspace       used 59659K, committed 60160K, reserved 1114112K
  class space    used 7962K, committed 8192K, reserved 1048576K
}
Event: 6.515 GC heap before
{Heap before GC invocations=15 (full 0):
 garbage-first heap   total 96256K, used 72398K [0x0000000701000000, 0x0000000800000000)
  region size 2048K, 22 young (45056K), 1 survivors (2048K)
 Metaspace       used 64665K, committed 65216K, reserved 1114112K
  class space    used 8609K, committed 8896K, reserved 1048576K
}
Event: 6.518 GC heap after
{Heap after GC invocations=16 (full 0):
 garbage-first heap   total 96256K, used 32262K [0x0000000701000000, 0x0000000800000000)
  region size 2048K, 3 young (6144K), 3 survivors (6144K)
 Metaspace       used 64665K, committed 65216K, reserved 1114112K
  class space    used 8609K, committed 8896K, reserved 1048576K
}
Event: 7.044 GC heap before
{Heap before GC invocations=16 (full 0):
 garbage-first heap   total 96256K, used 73222K [0x0000000701000000, 0x0000000800000000)
  region size 2048K, 23 young (47104K), 3 survivors (6144K)
 Metaspace       used 69700K, committed 70272K, reserved 1114112K
  class space    used 9275K, committed 9536K, reserved 1048576K
}
Event: 7.049 GC heap after
{Heap after GC invocations=17 (full 0):
 garbage-first heap   total 96256K, used 36118K [0x0000000701000000, 0x0000000800000000)
  region size 2048K, 3 young (6144K), 3 survivors (6144K)
 Metaspace       used 69700K, committed 70272K, reserved 1114112K
  class space    used 9275K, committed 9536K, reserved 1048576K
}
Event: 7.405 GC heap before
{Heap before GC invocations=17 (full 0):
 garbage-first heap   total 96256K, used 72982K [0x0000000701000000, 0x0000000800000000)
  region size 2048K, 21 young (43008K), 3 survivors (6144K)
 Metaspace       used 70985K, committed 71552K, reserved 1114112K
  class space    used 9399K, committed 9664K, reserved 1048576K
}
Event: 7.409 GC heap after
{Heap after GC invocations=18 (full 0):
 garbage-first heap   total 96256K, used 38462K [0x0000000701000000, 0x0000000800000000)
  region size 2048K, 2 young (4096K), 2 survivors (4096K)
 Metaspace       used 70985K, committed 71552K, reserved 1114112K
  class space    used 9399K, committed 9664K, reserved 1048576K
}
Event: 7.977 GC heap before
{Heap before GC invocations=18 (full 0):
 garbage-first heap   total 96256K, used 75326K [0x0000000701000000, 0x0000000800000000)
  region size 2048K, 20 young (40960K), 2 survivors (4096K)
 Metaspace       used 74292K, committed 74816K, reserved 1114112K
  class space    used 9845K, committed 10112K, reserved 1048576K
}
Event: 7.980 GC heap after
{Heap after GC invocations=19 (full 0):
 garbage-first heap   total 96256K, used 40373K [0x0000000701000000, 0x0000000800000000)
  region size 2048K, 2 young (4096K), 2 survivors (4096K)
 Metaspace       used 74292K, committed 74816K, reserved 1114112K
  class space    used 9845K, committed 10112K, reserved 1048576K
}
Event: 8.453 GC heap before
{Heap before GC invocations=19 (full 0):
 garbage-first heap   total 96256K, used 77237K [0x0000000701000000, 0x0000000800000000)
  region size 2048K, 20 young (40960K), 2 survivors (4096K)
 Metaspace       used 76779K, committed 77376K, reserved 1179648K
  class space    used 10199K, committed 10496K, reserved 1048576K
}
Event: 8.457 GC heap after
{Heap after GC invocations=20 (full 0):
 garbage-first heap   total 96256K, used 42757K [0x0000000701000000, 0x0000000800000000)
  region size 2048K, 3 young (6144K), 3 survivors (6144K)
 Metaspace       used 76779K, committed 77376K, reserved 1179648K
  class space    used 10199K, committed 10496K, reserved 1048576K
}

Deoptimization events (20 events):
Event: 62.695 Thread 0x000002778234dee0 Uncommon trap: trap_request=0xffffffde fr.pc=0x00000277a67acbc8 relative=0x00000000000000a8
Event: 62.695 Thread 0x000002778234dee0 Uncommon trap: reason=class_check action=maybe_recompile pc=0x00000277a67acbc8 method=java.lang.Character.isWhitespace(I)Z @ 5 c2
Event: 62.695 Thread 0x000002778234dee0 DEOPT PACKING pc=0x00000277a67acbc8 sp=0x000000a99d6fbba0
Event: 62.695 Thread 0x000002778234dee0 DEOPT UNPACKING pc=0x00000277a61723a3 sp=0x000000a99d6fbad8 mode 2
Event: 62.695 Thread 0x000002778234dee0 Uncommon trap: trap_request=0xffffffde fr.pc=0x00000277a67acbc8 relative=0x00000000000000a8
Event: 62.695 Thread 0x000002778234dee0 Uncommon trap: reason=class_check action=maybe_recompile pc=0x00000277a67acbc8 method=java.lang.Character.isWhitespace(I)Z @ 5 c2
Event: 62.695 Thread 0x000002778234dee0 DEOPT PACKING pc=0x00000277a67acbc8 sp=0x000000a99d6fbba0
Event: 62.695 Thread 0x000002778234dee0 DEOPT UNPACKING pc=0x00000277a61723a3 sp=0x000000a99d6fbad8 mode 2
Event: 62.695 Thread 0x000002778234dee0 Uncommon trap: trap_request=0xffffffde fr.pc=0x00000277a67acbc8 relative=0x00000000000000a8
Event: 62.695 Thread 0x000002778234dee0 Uncommon trap: reason=class_check action=maybe_recompile pc=0x00000277a67acbc8 method=java.lang.Character.isWhitespace(I)Z @ 5 c2
Event: 62.695 Thread 0x000002778234dee0 DEOPT PACKING pc=0x00000277a67acbc8 sp=0x000000a99d6fbba0
Event: 62.695 Thread 0x000002778234dee0 DEOPT UNPACKING pc=0x00000277a61723a3 sp=0x000000a99d6fbad8 mode 2
Event: 62.720 Thread 0x00000277875cc530 Uncommon trap: trap_request=0xffffff45 fr.pc=0x00000277a6803e14 relative=0x0000000000000194
Event: 62.720 Thread 0x00000277875cc530 Uncommon trap: reason=unstable_if action=reinterpret pc=0x00000277a6803e14 method=java.lang.String.equals(Ljava/lang/Object;)Z @ 33 c2
Event: 62.721 Thread 0x00000277875cc530 DEOPT PACKING pc=0x00000277a6803e14 sp=0x000000a99dafe620
Event: 62.721 Thread 0x00000277875cc530 DEOPT UNPACKING pc=0x00000277a61723a3 sp=0x000000a99dafe5c0 mode 2
Event: 62.723 Thread 0x00000277875cb600 Uncommon trap: trap_request=0xffffff45 fr.pc=0x00000277a6b2cd40 relative=0x0000000000001160
Event: 62.723 Thread 0x00000277875cb600 Uncommon trap: reason=unstable_if action=reinterpret pc=0x00000277a6b2cd40 method=java.util.concurrent.ConcurrentHashMap.putVal(Ljava/lang/Object;Ljava/lang/Object;Z)Ljava/lang/Object; @ 97 c2
Event: 62.723 Thread 0x00000277875cb600 DEOPT PACKING pc=0x00000277a6b2cd40 sp=0x000000a99dbfb500
Event: 62.723 Thread 0x00000277875cb600 DEOPT UNPACKING pc=0x00000277a61723a3 sp=0x000000a99dbfb498 mode 2

Classes unloaded (0 events):
No events

Classes redefined (0 events):
No events

Internal exceptions (20 events):
Event: 6.914 Thread 0x0000027797360180 Exception <a 'java/lang/NoSuchMethodError'{0x0000000704fec938}: 'int java.lang.invoke.DirectMethodHandle$Holder.invokeStatic(java.lang.Object, java.lang.Object, int)'> (0x0000000704fec938) 
thrown [s\open\src\hotspot\share\interpreter\linkResolver.cpp, line 759]
Event: 6.922 Thread 0x0000027797360180 Exception <a 'java/lang/IncompatibleClassChangeError'{0x0000000704c31068}: Found class java.lang.Object, but interface was expected> (0x0000000704c31068) 
thrown [s\open\src\hotspot\share\interpreter\linkResolver.cpp, line 826]
Event: 6.992 Thread 0x0000027797360180 Exception <a 'java/lang/NoSuchMethodError'{0x0000000704a02580}: 'java.lang.Object java.lang.invoke.DirectMethodHandle$Holder.invokeStatic(java.lang.Object, int, java.lang.Object)'> (0x0000000704a02580) 
thrown [s\open\src\hotspot\share\interpreter\linkResolver.cpp, line 759]
Event: 6.996 Thread 0x0000027797360180 Exception <a 'java/lang/reflect/InvocationTargetException'{0x0000000704a2b268}> (0x0000000704a2b268) 
thrown [s\open\src\hotspot\share\runtime\reflection.cpp, line 1121]
Event: 6.997 Thread 0x0000027797360180 Exception <a 'java/lang/reflect/InvocationTargetException'{0x0000000704a376e0}> (0x0000000704a376e0) 
thrown [s\open\src\hotspot\share\runtime\reflection.cpp, line 1121]
Event: 7.117 Thread 0x0000027797360180 Exception <a 'sun/nio/fs/WindowsException'{0x000000070e8a6f48}> (0x000000070e8a6f48) 
thrown [s\open\src\hotspot\share\prims\jni.cpp, line 516]
Event: 7.359 Thread 0x0000027797360180 Exception <a 'java/lang/reflect/InvocationTargetException'{0x0000000704c0ccc8}> (0x0000000704c0ccc8) 
thrown [s\open\src\hotspot\share\runtime\reflection.cpp, line 1121]
Event: 7.361 Thread 0x0000027797360180 Exception <a 'java/lang/reflect/InvocationTargetException'{0x0000000704c1fb38}> (0x0000000704c1fb38) 
thrown [s\open\src\hotspot\share\runtime\reflection.cpp, line 1121]
Event: 7.363 Thread 0x0000027797360180 Exception <a 'java/lang/reflect/InvocationTargetException'{0x0000000704c2adf0}> (0x0000000704c2adf0) 
thrown [s\open\src\hotspot\share\runtime\reflection.cpp, line 1121]
Event: 7.925 Thread 0x0000027797360180 Exception <a 'java/lang/IncompatibleClassChangeError'{0x0000000704d4a1b0}: Found class java.lang.Object, but interface was expected> (0x0000000704d4a1b0) 
thrown [s\open\src\hotspot\share\interpreter\linkResolver.cpp, line 826]
Event: 8.346 Thread 0x0000027797360180 Exception <a 'java/lang/IncompatibleClassChangeError'{0x0000000705421ea8}: Found class java.lang.Object, but interface was expected> (0x0000000705421ea8) 
thrown [s\open\src\hotspot\share\interpreter\linkResolver.cpp, line 826]
Event: 8.378 Thread 0x0000027797360180 Exception <a 'java/lang/reflect/InvocationTargetException'{0x0000000704e786f8}> (0x0000000704e786f8) 
thrown [s\open\src\hotspot\share\runtime\reflection.cpp, line 1121]
Event: 8.382 Thread 0x0000027797360180 Exception <a 'java/lang/reflect/InvocationTargetException'{0x0000000704e82990}> (0x0000000704e82990) 
thrown [s\open\src\hotspot\share\runtime\reflection.cpp, line 1121]
Event: 8.516 Thread 0x0000027797360180 Exception <a 'java/lang/NoSuchMethodError'{0x000000070e6c3758}: 'java.lang.Object java.lang.invoke.DirectMethodHandle$Holder.newInvokeSpecial(java.lang.Object, java.lang.Object, int, java.lang.Object, java.lang.Object)'> (0x000000070e6c3758) 
thrown [s\open\src\hotspot\share\interpreter\linkResolver.cpp, line 759]
Event: 8.517 Thread 0x0000027797360180 Exception <a 'java/lang/NoSuchMethodError'{0x000000070e6cedd0}: 'java.lang.Object java.lang.invoke.DirectMethodHandle$Holder.invokeSpecial(java.lang.Object, java.lang.Object, int, java.lang.Object, int, java.lang.Object)'> (0x000000070e6cedd0) 
thrown [s\open\src\hotspot\share\interpreter\linkResolver.cpp, line 759]
Event: 8.517 Thread 0x0000027797360180 Exception <a 'java/lang/NoSuchMethodError'{0x000000070e6d6bd8}: 'java.lang.Object java.lang.invoke.DirectMethodHandle$Holder.newInvokeSpecial(java.lang.Object, java.lang.Object, int, java.lang.Object, int)'> (0x000000070e6d6bd8) 
thrown [s\open\src\hotspot\share\interpreter\linkResolver.cpp, line 759]
Event: 8.517 Thread 0x0000027797360180 Exception <a 'java/lang/NoSuchMethodError'{0x000000070e6dacd8}: 'java.lang.Object java.lang.invoke.DirectMethodHandle$Holder.invokeSpecial(java.lang.Object, java.lang.Object, java.lang.Object, int, java.lang.Object, int)'> (0x000000070e6dacd8) 
thrown [s\open\src\hotspot\share\interpreter\linkResolver.cpp, line 759]
Event: 62.497 Thread 0x000002778234dee0 Exception <a 'java/lang/NoSuchMethodError'{0x000000070605ff60}: 'java.lang.Object java.lang.invoke.DirectMethodHandle$Holder.invokeSpecial(java.lang.Object, java.lang.Object, java.lang.Object, java.lang.Object, java.lang.Object, long)'> (0x000000070605ff60) 
thrown [s\open\src\hotspot\share\interpreter\linkResolver.cpp, line 759]
Event: 62.497 Thread 0x000002778234dee0 Exception <a 'java/lang/NoSuchMethodError'{0x00000007060639a0}: 'java.lang.Object java.lang.invoke.Invokers$Holder.linkToTargetMethod(java.lang.Object, java.lang.Object, java.lang.Object, long, java.lang.Object)'> (0x00000007060639a0) 
thrown [s\open\src\hotspot\share\interpreter\linkResolver.cpp, line 759]
Event: 62.718 Thread 0x000002778234d9d0 Exception <a 'java/lang/NoSuchMethodError'{0x000000070e7a4dd8}: 'java.lang.Object java.lang.invoke.DirectMethodHandle$Holder.invokeStatic(java.lang.Object, int, int)'> (0x000000070e7a4dd8) 
thrown [s\open\src\hotspot\share\interpreter\linkResolver.cpp, line 759]

VM Operations (20 events):
Event: 8.453 Executing VM operation: G1CollectForAllocation
Event: 8.457 Executing VM operation: G1CollectForAllocation done
Event: 8.623 Executing VM operation: HandshakeAllThreads
Event: 8.623 Executing VM operation: HandshakeAllThreads done
Event: 8.747 Executing VM operation: HandshakeAllThreads
Event: 8.747 Executing VM operation: HandshakeAllThreads done
Event: 8.769 Executing VM operation: HandshakeAllThreads
Event: 8.769 Executing VM operation: HandshakeAllThreads done
Event: 9.771 Executing VM operation: Cleanup
Event: 9.771 Executing VM operation: Cleanup done
Event: 62.508 Executing VM operation: HandshakeAllThreads
Event: 62.508 Executing VM operation: HandshakeAllThreads done
Event: 62.508 Executing VM operation: Cleanup
Event: 62.508 Executing VM operation: Cleanup done
Event: 62.551 Executing VM operation: HandshakeAllThreads
Event: 62.551 Executing VM operation: HandshakeAllThreads done
Event: 62.555 Executing VM operation: HandshakeAllThreads
Event: 62.555 Executing VM operation: HandshakeAllThreads done
Event: 62.562 Executing VM operation: HandshakeAllThreads
Event: 62.562 Executing VM operation: HandshakeAllThreads done

Events (20 events):
Event: 62.478 loading class java/nio/channels/spi/AbstractSelectionKey done
Event: 62.478 loading class sun/nio/ch/SelectionKeyImpl done
Event: 62.478 loading class java/lang/invoke/ConstantBootstraps
Event: 62.478 loading class java/lang/invoke/ConstantBootstraps done
Event: 62.497 Thread 0x00000277825ee0e0 Thread added: 0x00000277825ee0e0
Event: 62.499 loading class sun/nio/cs/ThreadLocalCoders
Event: 62.499 loading class sun/nio/cs/ThreadLocalCoders done
Event: 62.499 loading class sun/nio/cs/ThreadLocalCoders$1
Event: 62.499 loading class sun/nio/cs/ThreadLocalCoders$Cache
Event: 62.499 loading class sun/nio/cs/ThreadLocalCoders$Cache done
Event: 62.499 loading class sun/nio/cs/ThreadLocalCoders$1 done
Event: 62.499 loading class sun/nio/cs/ThreadLocalCoders$2
Event: 62.499 loading class sun/nio/cs/ThreadLocalCoders$2 done
Event: 62.561 Thread 0x00000277825eeb80 Thread added: 0x00000277825eeb80
Event: 62.615 loading class java/util/EnumMap$EntryIterator$Entry
Event: 62.615 loading class java/util/EnumMap$EntryIterator$Entry done
Event: 62.718 loading class java/util/ArrayList$SubList$2
Event: 62.718 loading class java/util/ArrayList$SubList$2 done
Event: 62.720 loading class java/util/concurrent/locks/ReentrantReadWriteLock$Sync$HoldCounter
Event: 62.720 loading class java/util/concurrent/locks/ReentrantReadWriteLock$Sync$HoldCounter done


Dynamic libraries:
0x00007ff704ea0000 - 0x00007ff704eb0000 	E:\JavaJDG\bin\javaw.exe
0x00007ffbf01d0000 - 0x00007ffbf03c8000 	C:\WINDOWS\SYSTEM32\ntdll.dll
0x00007ffbee3d0000 - 0x00007ffbee48d000 	C:\WINDOWS\System32\KERNEL32.DLL
0x00007ffbedd90000 - 0x00007ffbee086000 	C:\WINDOWS\System32\KERNELBASE.dll
0x00007ffbedc90000 - 0x00007ffbedd90000 	C:\WINDOWS\System32\ucrtbase.dll
0x00007ffbe1200000 - 0x00007ffbe1219000 	E:\JavaJDG\bin\jli.dll
0x00007ffbd8bf0000 - 0x00007ffbd8c0b000 	E:\JavaJDG\bin\VCRUNTIME140.dll
0x00007ffbef840000 - 0x00007ffbef8f3000 	C:\WINDOWS\System32\ADVAPI32.dll
0x00007ffbef2f0000 - 0x00007ffbef38e000 	C:\WINDOWS\System32\msvcrt.dll
0x00007ffbee880000 - 0x00007ffbee91f000 	C:\WINDOWS\System32\sechost.dll
0x00007ffbee5a0000 - 0x00007ffbee6c6000 	C:\WINDOWS\System32\RPCRT4.dll
0x00007ffbed8d0000 - 0x00007ffbed8f7000 	C:\WINDOWS\System32\bcrypt.dll
0x00007ffbee220000 - 0x00007ffbee3be000 	C:\WINDOWS\System32\USER32.dll
0x00007ffbed8a0000 - 0x00007ffbed8c2000 	C:\WINDOWS\System32\win32u.dll
0x00007ffbd8fb0000 - 0x00007ffbd924a000 	C:\WINDOWS\WinSxS\amd64_microsoft.windows.common-controls_6595b64144ccf1df_6.0.19041.3636_none_60b6a03d71f818d5\COMCTL32.dll
0x00007ffbef440000 - 0x00007ffbef46c000 	C:\WINDOWS\System32\GDI32.dll
0x00007ffbee090000 - 0x00007ffbee1aa000 	C:\WINDOWS\System32\gdi32full.dll
0x00007ffbedab0000 - 0x00007ffbedb4d000 	C:\WINDOWS\System32\msvcp_win.dll
0x00007ffbe8230000 - 0x00007ffbe823a000 	C:\WINDOWS\SYSTEM32\VERSION.dll
0x00007ffbee490000 - 0x00007ffbee4c0000 	C:\WINDOWS\System32\IMM32.DLL
0x00007ffbdf6e0000 - 0x00007ffbdf6ec000 	E:\JavaJDG\bin\vcruntime140_1.dll
0x00007ffbc1520000 - 0x00007ffbc15ae000 	E:\JavaJDG\bin\msvcp140.dll
0x00007ffbb1250000 - 0x00007ffbb1e31000 	E:\JavaJDG\bin\server\jvm.dll
0x00007ffbef600000 - 0x00007ffbef608000 	C:\WINDOWS\System32\PSAPI.DLL
0x00007ffbeb0d0000 - 0x00007ffbeb0d9000 	C:\WINDOWS\SYSTEM32\WSOCK32.dll
0x00007ffbe4c50000 - 0x00007ffbe4c77000 	C:\WINDOWS\SYSTEM32\WINMM.dll
0x00007ffbef1b0000 - 0x00007ffbef21b000 	C:\WINDOWS\System32\WS2_32.dll
0x00007ffbeb770000 - 0x00007ffbeb782000 	C:\WINDOWS\SYSTEM32\kernel.appcore.dll
0x00007ffbe9560000 - 0x00007ffbe956a000 	E:\JavaJDG\bin\jimage.dll
0x00007ffbe3b00000 - 0x00007ffbe3ce4000 	C:\WINDOWS\SYSTEM32\DBGHELP.DLL
0x00007ffbcdfa0000 - 0x00007ffbcdfd4000 	C:\WINDOWS\SYSTEM32\dbgcore.DLL
0x00007ffbedc00000 - 0x00007ffbedc82000 	C:\WINDOWS\System32\bcryptPrimitives.dll
0x00007ffbe9330000 - 0x00007ffbe9355000 	E:\JavaJDG\bin\java.dll
0x00007ffbc15b0000 - 0x00007ffbc1687000 	E:\JavaJDG\bin\jsvml.dll
0x00007ffbef900000 - 0x00007ffbf0045000 	C:\WINDOWS\System32\SHELL32.dll
0x00007ffbeb970000 - 0x00007ffbec10b000 	C:\WINDOWS\SYSTEM32\windows.storage.dll
0x00007ffbee920000 - 0x00007ffbeec74000 	C:\WINDOWS\System32\combase.dll
0x00007ffbed2d0000 - 0x00007ffbed2fd000 	C:\WINDOWS\SYSTEM32\Wldp.dll
0x00007ffbef100000 - 0x00007ffbef1ad000 	C:\WINDOWS\System32\SHCORE.dll
0x00007ffbef470000 - 0x00007ffbef4c5000 	C:\WINDOWS\System32\shlwapi.dll
0x00007ffbed7d0000 - 0x00007ffbed7f5000 	C:\WINDOWS\SYSTEM32\profapi.dll
0x00007ffbe8a90000 - 0x00007ffbe8aa9000 	E:\JavaJDG\bin\net.dll
0x00007ffbe7c10000 - 0x00007ffbe7d1a000 	C:\WINDOWS\SYSTEM32\WINHTTP.dll
0x00007ffbed030000 - 0x00007ffbed09a000 	C:\WINDOWS\system32\mswsock.dll
0x00007ffbe11e0000 - 0x00007ffbe11f6000 	E:\JavaJDG\bin\nio.dll
0x00007ffbd8c10000 - 0x00007ffbd8c28000 	E:\JavaJDG\bin\zip.dll
0x00007ffbeb0e0000 - 0x00007ffbeb0ee000 	E:\JavaJDG\bin\sunmscapi.dll
0x00007ffbed950000 - 0x00007ffbedaad000 	C:\WINDOWS\System32\CRYPT32.dll
0x00007ffbed340000 - 0x00007ffbed368000 	C:\WINDOWS\SYSTEM32\ncrypt.dll
0x00007ffbed300000 - 0x00007ffbed33b000 	C:\WINDOWS\SYSTEM32\NTASN1.dll
0x00007ffbed220000 - 0x00007ffbed238000 	C:\WINDOWS\SYSTEM32\CRYPTSP.dll
0x00007ffbec8f0000 - 0x00007ffbec924000 	C:\WINDOWS\system32\rsaenh.dll
0x00007ffbed750000 - 0x00007ffbed77e000 	C:\WINDOWS\SYSTEM32\USERENV.dll
0x00007ffbed240000 - 0x00007ffbed24c000 	C:\WINDOWS\SYSTEM32\CRYPTBASE.dll
0x00007ffbeccd0000 - 0x00007ffbecd0b000 	C:\WINDOWS\SYSTEM32\IPHLPAPI.DLL
0x00007ffbee3c0000 - 0x00007ffbee3c8000 	C:\WINDOWS\System32\NSI.dll
0x00007ffbe84b0000 - 0x00007ffbe84c7000 	C:\WINDOWS\SYSTEM32\dhcpcsvc6.DLL
0x00007ffbe8490000 - 0x00007ffbe84ad000 	C:\WINDOWS\SYSTEM32\dhcpcsvc.DLL
0x00007ffbecd20000 - 0x00007ffbecdea000 	C:\WINDOWS\SYSTEM32\DNSAPI.dll
0x00007ffbe1230000 - 0x00007ffbe123a000 	E:\JavaJDG\bin\management.dll
0x00007ffbe1220000 - 0x00007ffbe122b000 	E:\JavaJDG\bin\management_ext.dll
0x00007ffbeb0f0000 - 0x00007ffbeb100000 	E:\JavaJDG\bin\verify.dll
0x0000000061530000 - 0x0000000061565000 	C:\Program Files\Bonjour\mdnsNSP.dll
0x00007ffbe6fe0000 - 0x00007ffbe6fea000 	C:\Windows\System32\rasadhlp.dll
0x00007ffbe67e0000 - 0x00007ffbe6860000 	C:\WINDOWS\System32\fwpuclnt.dll
0x00007ffbd8b50000 - 0x00007ffbd8b57000 	C:\WINDOWS\system32\wshunix.dll

dbghelp: loaded successfully - version: 4.0.5 - missing functions: none
symbol engine: initialized successfully - sym options: 0x614 - pdb path: .;E:\JavaJDG\bin;C:\WINDOWS\SYSTEM32;C:\WINDOWS\WinSxS\amd64_microsoft.windows.common-controls_6595b64144ccf1df_6.0.19041.3636_none_60b6a03d71f818d5;E:\JavaJDG\bin\server;C:\Program Files\Bonjour

VM Arguments:
jvm_args: -Dfile.encoding=UTF-8 -Dstdout.encoding=UTF-8 -Dstderr.encoding=UTF-8 -XX:+ShowCodeDetailsInExceptionMessages 
java_command: com.sns.dropcat.DropcatApplication
java_class_path (initial): E:\SNS\SNS\dropcat\target\classes;C:\Users\User\.m2\repository\org\springframework\boot\spring-boot-starter-thymeleaf\3.2.1\spring-boot-starter-thymeleaf-3.2.1.jar;C:\Users\User\.m2\repository\org\springframework\boot\spring-boot-starter\3.2.1\spring-boot-starter-3.2.1.jar;C:\Users\User\.m2\repository\org\springframework\boot\spring-boot\3.2.1\spring-boot-3.2.1.jar;C:\Users\User\.m2\repository\org\springframework\boot\spring-boot-autoconfigure\3.2.1\spring-boot-autoconfigure-3.2.1.jar;C:\Users\User\.m2\repository\org\springframework\boot\spring-boot-starter-logging\3.2.1\spring-boot-starter-logging-3.2.1.jar;C:\Users\User\.m2\repository\ch\qos\logback\logback-classic\1.4.14\logback-classic-1.4.14.jar;C:\Users\User\.m2\repository\ch\qos\logback\logback-core\1.4.14\logback-core-1.4.14.jar;C:\Users\User\.m2\repository\org\apache\logging\log4j\log4j-to-slf4j\2.21.1\log4j-to-slf4j-2.21.1.jar;C:\Users\User\.m2\repository\org\apache\logging\log4j\log4j-api\2.21.1\log4j-api-2.21.1.jar;C:\Users\User\.m2\repository\org\slf4j\jul-to-slf4j\2.0.9\jul-to-slf4j-2.0.9.jar;C:\Users\User\.m2\repository\jakarta\annotation\jakarta.annotation-api\2.1.1\jakarta.annotation-api-2.1.1.jar;C:\Users\User\.m2\repository\org\yaml\snakeyaml\2.2\snakeyaml-2.2.jar;C:\Users\User\.m2\repository\org\thymeleaf\thymeleaf-spring6\3.1.2.RELEASE\thymeleaf-spring6-3.1.2.RELEASE.jar;C:\Users\User\.m2\repository\org\thymeleaf\thymeleaf\3.1.2.RELEASE\thymeleaf-3.1.2.RELEASE.jar;C:\Users\User\.m2\repository\org\attoparser\attoparser\2.0.7.RELEASE\attoparser-2.0.7.RELEASE.jar;C:\Users\User\.m2\repository\org\unbescape\unbescape\1.1.6.RELEASE\unbescape-1.1.6.RELEASE.jar;C:\Users\User\.m2\repository\org\springframework\boot\spring-boot-starter-web\3.2.1\spring-boot-starter-web-3.2.1.jar;C:\Users\User\.m2\repository\org\springframework\boot\spring-boot-starter-json\3.2.1\spring-boot-starter-json-3.2.1.jar;C:\Users\User\.m2\repository\com\fasterxml\jackson\datatype\jackson-datatype-jdk8
Launcher Type: SUN_STANDARD

[Global flags]
     intx CICompilerCount                          = 4                                         {product} {ergonomic}
     uint ConcGCThreads                            = 3                                         {product} {ergonomic}
     uint G1ConcRefinementThreads                  = 10                                        {product} {ergonomic}
   size_t G1HeapRegionSize                         = 2097152                                   {product} {ergonomic}
    uintx GCDrainStackTargetSize                   = 64                                        {product} {ergonomic}
   size_t InitialHeapSize                          = 268435456                                 {product} {ergonomic}
   size_t MarkStackSize                            = 4194304                                   {product} {ergonomic}
   size_t MaxHeapSize                              = 4278190080                                {product} {ergonomic}
   size_t MaxNewSize                               = 2566914048                                {product} {ergonomic}
   size_t MinHeapDeltaBytes                        = 2097152                                   {product} {ergonomic}
   size_t MinHeapSize                              = 8388608                                   {product} {ergonomic}
    uintx NonNMethodCodeHeapSize                   = 5839372                                {pd product} {ergonomic}
    uintx NonProfiledCodeHeapSize                  = 122909434                              {pd product} {ergonomic}
    uintx ProfiledCodeHeapSize                     = 122909434                              {pd product} {ergonomic}
    uintx ReservedCodeCacheSize                    = 251658240                              {pd product} {ergonomic}
     bool SegmentedCodeCache                       = true                                      {product} {ergonomic}
     bool ShowCodeDetailsInExceptionMessages       = true                                   {manageable} {command line}
   size_t SoftMaxHeapSize                          = 4278190080                             {manageable} {ergonomic}
     bool UseCompressedClassPointers               = true                           {product lp64_product} {ergonomic}
     bool UseCompressedOops                        = true                           {product lp64_product} {ergonomic}
     bool UseG1GC                                  = true                                      {product} {ergonomic}
     bool UseLargePagesIndividualAllocation        = false                                  {pd product} {ergonomic}

Logging:
Log output configuration:
 #0: stdout all=warning uptime,level,tags
 #1: stderr all=off uptime,level,tags

Environment Variables:
JAVA_HOME=C:\_javaee\sts-4.21.0\plugins\org.eclipse.justj.openjdk.hotspot.jre.full.win32.x86_64_17.0.9.v20231028-0858\jre
PATH=E:/JavaJDG/bin/server;E:/JavaJDG/bin;C:\Program Files\Common Files\Oracle\Java\javapath;C:\Program Files\Python311\Scripts\;C:\Program Files\Python311\;C:\Windows\system32;C:\Windows;C:\Windows\System32\Wbem;C:\Windows\System32\WindowsPowerShell\v1.0\;C:\Windows\System32\OpenSSH\;C:\Program Files (x86)\NVIDIA Corporation\PhysX\Common;C:\WINDOWS\system32;C:\WINDOWS;C:\WINDOWS\System32\Wbem;C:\WINDOWS\System32\WindowsPowerShell\v1.0\;C:\WINDOWS\System32\OpenSSH\;C:\Program Files\NVIDIA Corporation\NVIDIA NvDLISR;C:\Program Files\dotnet\;C:\Program Files\Microsoft SQL Server\150\Tools\Binn\;C:\Program Files\Microsoft SQL Server\Client SDK\ODBC\170\Tools\Binn\;E:\Git\cmd;E:\Node_Js\;C:\Program Files (x86)\dotnet\;C:\_javaee\sts-4.21.0\plugins\org.eclipse.justj.openjdk.hotspot.jre.full.win32.x86_64_17.0.9.v20231028-0858\jre\bin;C:\Users\User\AppData\Local\Microsoft\WindowsApps;C:\Users\User\.dotnet\tools;C:\Users\User\AppData\Local\Programs\Microsoft VS Code\bin;C:\Users\User\AppData\Roaming\npm;C:\Users\User\AppData\Local\GitHubDesktop\bin;;C:\Users\User\Desktop;
USERNAME=User
OS=Windows_NT
PROCESSOR_IDENTIFIER=AMD64 Family 23 Model 113 Stepping 0, AuthenticAMD



---------------  S Y S T E M  ---------------

OS:
 Windows 10 , 64 bit Build 19041 (10.0.19041.3636)
OS uptime: 0 days 15:07 hours

CPU: total 12 (initial active 12) (12 cores per cpu, 2 threads per core) family 23 model 113 stepping 0 microcode 0x0, cx8, cmov, fxsr, ht, mmx, 3dnowpref, sse, sse2, sse3, ssse3, sse4a, sse4.1, sse4.2, popcnt, lzcnt, tsc, tscinvbit, avx, avx2, aes, clmul, bmi1, bmi2, adx, sha, fma, vzeroupper, clflush, clflushopt

Memory: 4k page, system-wide physical 16319M (3248M free)
TotalPageFile size 18367M (AvailPageFile size 71M)
current process WorkingSet (physical memory assigned to process): 313M, peak: 347M
current process commit charge ("private bytes"): 360M, peak: 409M

vm_info: Java HotSpot(TM) 64-Bit Server VM (17.0.9+11-LTS-201) for windows-amd64 JRE (17.0.9+11-LTS-201), built on Oct 10 2023 23:16:06 by "mach5one" with MS VC++ 17.1 (VS2022)

END.
